2021-04-12 11:34:31.651496: W tensorflow/stream_executor/platform/default/dso_loader.cc:60] Could not load dynamic library 'libcudart.so.11.0'; dlerror: libcudart.so.11.0: cannot open shared object file: No such file or directory
2021-04-12 11:34:34.561522: W tensorflow/stream_executor/platform/default/dso_loader.cc:60] Could not load dynamic library 'libcudart.so.11.0'; dlerror: libcudart.so.11.0: cannot open shared object file: No such file or directory
2021-04-12 11:34:34.561623: W tensorflow/stream_executor/platform/default/dso_loader.cc:60] Could not load dynamic library 'libcublas.so.11'; dlerror: libcublas.so.11: cannot open shared object file: No such file or directory
2021-04-12 11:34:34.561665: W tensorflow/stream_executor/platform/default/dso_loader.cc:60] Could not load dynamic library 'libcublasLt.so.11'; dlerror: libcublasLt.so.11: cannot open shared object file: No such file or directory
2021-04-12 11:34:34.561707: W tensorflow/stream_executor/platform/default/dso_loader.cc:60] Could not load dynamic library 'libcufft.so.10'; dlerror: libcufft.so.10: cannot open shared object file: No such file or directory
2021-04-12 11:34:34.561748: W tensorflow/stream_executor/platform/default/dso_loader.cc:60] Could not load dynamic library 'libcurand.so.10'; dlerror: libcurand.so.10: cannot open shared object file: No such file or directory
2021-04-12 11:34:34.561793: W tensorflow/stream_executor/platform/default/dso_loader.cc:60] Could not load dynamic library 'libcusolver.so.10'; dlerror: libcusolver.so.10: cannot open shared object file: No such file or directory
2021-04-12 11:34:34.561879: W tensorflow/stream_executor/platform/default/dso_loader.cc:60] Could not load dynamic library 'libcusparse.so.11'; dlerror: libcusparse.so.11: cannot open shared object file: No such file or directory
2021-04-12 11:34:34.561925: W tensorflow/stream_executor/platform/default/dso_loader.cc:60] Could not load dynamic library 'libcudnn.so.8'; dlerror: libcudnn.so.8: cannot open shared object file: No such file or directory
2021-04-12 11:34:34.561935: W tensorflow/core/common_runtime/gpu/gpu_device.cc:1757] Cannot dlopen some GPU libraries. Please make sure the missing libraries mentioned above are installed properly if you would like to use GPU. Follow the guide at https://www.tensorflow.org/install/gpu for how to download and setup the required libraries for your platform.
Skipping registering GPU devices...
WARNING:absl:Compiling _split for args (ShapedArray(uint32[2]),).
WARNING:absl:Compiling _truncated_normal for args (ShapedArray(uint32[2]), ShapedArray(int32[], weak_type=True), ShapedArray(int32[], weak_type=True)).
WARNING:absl:Compiling _truncated_normal for args (ShapedArray(uint32[2]), ShapedArray(int32[], weak_type=True), ShapedArray(int32[], weak_type=True)).
WARNING:absl:Compiling _truncated_normal for args (ShapedArray(uint32[2]), ShapedArray(int32[], weak_type=True), ShapedArray(int32[], weak_type=True)).
WARNING:absl:Compiling _where for args (ShapedArray(bool[]), ShapedArray(int32[]), ShapedArray(int32[])).
WARNING:absl:Compiling compute_gradient_and_update for args (ShapedArray(int32[], weak_type=True), ShapedArray(float32[100,3920]), ShapedArray(int32[100]), ShapedArray(float32[40,256]), ShapedArray(float32[40,256]), ShapedArray(float32[40,256]), ShapedArray(float32[256,8]), ShapedArray(float32[256,8]), ShapedArray(float32[256,8]), ShapedArray(float32[256,256]), ShapedArray(float32[256,256]), ShapedArray(float32[256,256]), ShapedArray(float32[8]), ShapedArray(float32[8]), ShapedArray(float32[8]), ShapedArray(uint32[2])).
WARNING:absl:Compiling _split for args (ShapedArray(uint32[2]),).
WARNING:absl:Compiling _evolve_RNN for args (ShapedArray(float32[100,256]), ShapedArray(float32[100,256]), ShapedArray(float32[100,256]), ShapedArray(float32[100,256]), ShapedArray(float32[40,256]), ShapedArray(float32[256,256]), ShapedArray(float32[256,8]), ShapedArray(float32[8]), ShapedArray(float32[1,256]), ShapedArray(float32[1,256]), ShapedArray(float32[], weak_type=True), ShapedArray(float32[], weak_type=True), ShapedArray(float32[1,256]), ShapedArray(float32[], weak_type=True), ShapedArray(float32[1,256]), ShapedArray(float32[1,1]), ShapedArray(float32[], weak_type=True), ShapedArray(float32[], weak_type=True), ShapedArray(float32[98,100,40]), ShapedArray(float32[1,256])).
WARNING:absl:Compiling categorical_cross_entropy for args (ShapedArray(int32[100]), ShapedArray(float32[100,8])).
WARNING:absl:Compiling split_and_sample for args (ShapedArray(uint32[2]),).
WARNING:absl:Compiling split_and_sample for args (ShapedArray(uint32[2]),).
WARNING:absl:Compiling split_and_sample for args (ShapedArray(uint32[2]),).
WARNING:absl:Compiling split_and_sample for args (ShapedArray(uint32[2]),).
WARNING:absl:Compiling _evolve_RNN for args (ShapedArray(float32[100,256]), ShapedArray(float32[100,256]), ShapedArray(float32[100,256]), ShapedArray(float32[100,256]), ShapedArray(float32[40,256]), ShapedArray(float32[256,256]), ShapedArray(float32[256,8]), ShapedArray(float32[8]), ShapedArray(float32[1,256]), ShapedArray(float32[1,256]), ShapedArray(float32[], weak_type=True), ShapedArray(float32[], weak_type=True), ShapedArray(float32[1,256]), ShapedArray(float32[], weak_type=True), ShapedArray(float32[1,256]), ShapedArray(float32[1,1]), ShapedArray(float32[], weak_type=True), ShapedArray(float32[], weak_type=True), ShapedArray(float32[98,100,40]), ShapedArray(float32[1,256]), AbstractUnit(), AbstractUnit(), AbstractUnit(), AbstractUnit()).
WARNING:absl:Compiling loss_kl for args (ShapedArray(float32[100,8]), ShapedArray(float32[100,8]), AbstractUnit()).
WARNING:absl:Compiling backward_pass for args (ShapedArray(float32[100,8]), ShapedArray(bool[100,8]), ShapedArray(float32[100,8]), ShapedArray(float32[100,1]), ShapedArray(float32[100,1]), ShapedArray(float32[100,8]), ShapedArray(float32[100,8]), ShapedArray(float32[])).
WARNING:absl:Compiling backward_pass for args (ShapedArray(float32[100,256]), ShapedArray(float32[100,256]), ShapedArray(float32[100,256]), ShapedArray(float32[100,256]), ShapedArray(float32[98]), ShapedArray(float32[98,100,256]), ShapedArray(float32[98,100,256]), ShapedArray(float32[98,100,256]), ShapedArray(float32[98,100,256]), ShapedArray(float32[98,100,256]), ShapedArray(float32[98]), ShapedArray(float32[98,1,256]), ShapedArray(float32[98,1,256]), ShapedArray(float32[98,100,40]), ShapedArray(float32[98,256,256]), ShapedArray(float32[98,100,256]), ShapedArray(float32[98,100,256]), ShapedArray(float32[98,1,1]), ShapedArray(float32[98,1,256]), ShapedArray(float32[98,1,256]), ShapedArray(float32[98]), ShapedArray(float32[98,100,256]), ShapedArray(float32[98,100,256]), ShapedArray(float32[256,8]), ShapedArray(float32[100,256]), ShapedArray(float32[100,8])).
WARNING:absl:Compiling loss_kl for args (ShapedArray(float32[100,8]), ShapedArray(float32[100,8])).
0.0 h Epoch 0 i 9 Loss is 2.031446933746338 Lipschitzness loss over time [2.9220672104202094e-08, 2.0125949959037825e-05, 8.729293767828494e-05, 0.0002022884727921337, 0.00036309685674495995, 0.0005687156226485968, 0.0008205010090023279, 0.001116837258450687, 0.0014590334612876177, 0.0018427284667268395, 0.002277595456689596] Accuracy 0.2199999988079071 Attacked accuracy 0.1899999976158142
0.01 h Epoch 0 i 19 Loss is 2.07023024559021 Lipschitzness loss over time [4.321258373352066e-08, 2.6970314138452522e-05, 0.000133580164401792, 0.00033536291448399425, 0.0006392249488271773, 0.0010566405253484845, 0.001593815628439188, 0.002270751865580678, 0.0030874430667608976, 0.004062777850776911, 0.005228530615568161] Accuracy 0.17000000178813934 Attacked accuracy 0.14000000059604645
0.01 h Epoch 0 i 29 Loss is 2.0598576068878174 Lipschitzness loss over time [5.222968013640639e-08, 2.0172965378151275e-05, 9.762473200680688e-05, 0.00024039663549046963, 0.00045575934927910566, 0.0007618998060934246, 0.001183314947411418, 0.0017280123429372907, 0.0024176693987101316, 0.0032490503508597612, 0.004249105229973793] Accuracy 0.18000000715255737 Attacked accuracy 0.12999999523162842
0.01 h Epoch 0 i 39 Loss is 2.0492234230041504 Lipschitzness loss over time [9.840699988217239e-08, 2.4177437808248214e-05, 0.0001258816773770377, 0.00031273774220608175, 0.0006111979600973427, 0.0010359300067648292, 0.0015951080713421106, 0.0023103253915905952, 0.0031918631866574287, 0.004248389974236488, 0.00550865987315774] Accuracy 0.20999999344348907 Attacked accuracy 0.12999999523162842
0.01 h Epoch 0 i 49 Loss is 2.028388023376465 Lipschitzness loss over time [1.225809711513648e-07, 1.4537497918354347e-05, 9.006235632114112e-05, 0.00024056901747826487, 0.00046519318129867315, 0.0007634363719262183, 0.0011379644274711609, 0.0015880754217505455, 0.0021278259810060263, 0.002754203975200653, 0.0034744262229651213] Accuracy 0.3400000035762787 Attacked accuracy 0.18000000715255737
0.01 h Epoch 0 i 59 Loss is 2.003340482711792 Lipschitzness loss over time [1.684314980821e-07, 2.6966370569425635e-05, 0.00013262168795336038, 0.00032930335146375, 0.0006281864480115473, 0.0010290582431480289, 0.0015480929287150502, 0.0021822103299200535, 0.0029660575091838837, 0.003882217686623335, 0.00495961494743824] Accuracy 0.33000001311302185 Attacked accuracy 0.23000000417232513
0.01 h Epoch 0 i 69 Loss is 2.034978151321411 Lipschitzness loss over time [2.3431267948126333e-07, 3.4452681575203314e-05, 0.0001940884831128642, 0.0004943721578456461, 0.0009549868409521878, 0.0015984340570867062, 0.0024189958348870277, 0.0034547485411167145, 0.004715907387435436, 0.0062452382408082485, 0.008045421913266182] Accuracy 0.23999999463558197 Attacked accuracy 0.11999999731779099
