Sender: LSF System <lsfadmin@lo-a2-020>
Subject: Job 15283100: <python3 main_speech_lsnn.py -dropout_prob=0.0 -l2_weight_decay=0.0 -l2_weight_decay_params=[] -l1_weight_decay=0.0 -l1_weight_decay_params=[] -contractive=0.0 -contractive_params=[] -reg=0.001 -learning_rate=0.001,0.0001 -n_epochs=150,50 -n_attack_steps=10 -beta_robustness=0.0 -seed=0 -n_hidden=256 -n_layer=1 -batch_size=100 -boundary_loss=kl  -p_norm=inf -dt=1.0 -tau=20.0 -beta=2.0 -tau_adaptation=98.0 -thr=0.01 -thr_min=0.005 -refr=2 -dampening_factor=0.3 -sample_rate=16000 -eval_step_interval=400 -clip_duration_ms=1000 -window_size_ms=30.0 -window_stride_ms=10.0 -feature_bin_count=40 -in_repeat=1 -preprocess=mfcc -data_url=https://storage.googleapis.com/download.tensorflow.org/data/speech_commands_v0.02.tar.gz -silence_percentage=10.0 -unknown_percentage=10.0 -validation_percentage=10.0 -testing_percentage=10.0 -n_thr_spikes=-1 -background_volume=0.1 -background_frequency=0.8 -time_shift_ms=100.0 -wanted_words=yes,no,up,down,left,right -attack_size_constant=0.0 -initial_std_constant=0.0 -attack_size_mismatch=0.2 -initial_std_mismatch=0.001 -optimizer=adam -data_dir=/cluster/scratch/faberf/speech_dataset -session_id=2733752592> in cluster <leonhard> Exited

Job <python3 main_speech_lsnn.py -dropout_prob=0.0 -l2_weight_decay=0.0 -l2_weight_decay_params=[] -l1_weight_decay=0.0 -l1_weight_decay_params=[] -contractive=0.0 -contractive_params=[] -reg=0.001 -learning_rate=0.001,0.0001 -n_epochs=150,50 -n_attack_steps=10 -beta_robustness=0.0 -seed=0 -n_hidden=256 -n_layer=1 -batch_size=100 -boundary_loss=kl  -p_norm=inf -dt=1.0 -tau=20.0 -beta=2.0 -tau_adaptation=98.0 -thr=0.01 -thr_min=0.005 -refr=2 -dampening_factor=0.3 -sample_rate=16000 -eval_step_interval=400 -clip_duration_ms=1000 -window_size_ms=30.0 -window_stride_ms=10.0 -feature_bin_count=40 -in_repeat=1 -preprocess=mfcc -data_url=https://storage.googleapis.com/download.tensorflow.org/data/speech_commands_v0.02.tar.gz -silence_percentage=10.0 -unknown_percentage=10.0 -validation_percentage=10.0 -testing_percentage=10.0 -n_thr_spikes=-1 -background_volume=0.1 -background_frequency=0.8 -time_shift_ms=100.0 -wanted_words=yes,no,up,down,left,right -attack_size_constant=0.0 -initial_std_constant=0.0 -attack_size_mismatch=0.2 -initial_std_mismatch=0.001 -optimizer=adam -data_dir=/cluster/scratch/faberf/speech_dataset -session_id=2733752592> was submitted from host <lo-login-01> by user <faberf> in cluster <leonhard> at Sun Mar 21 20:05:40 2021
Job was executed on host(s) <16*lo-a2-020>, in queue <normal.24h>, as user <faberf> in cluster <leonhard> at Sun Mar 21 20:12:13 2021
</cluster/home/faberf> was used as the home directory.
</cluster/home/faberf/BPTT-Lipschitzness> was used as the working directory.
Started at Sun Mar 21 20:12:13 2021
Terminated at Sun Mar 21 20:12:58 2021
Results reported at Sun Mar 21 20:12:58 2021

Your job looked like:

------------------------------------------------------------
# LSBATCH: User input
python3 main_speech_lsnn.py -dropout_prob=0.0 -l2_weight_decay=0.0 -l2_weight_decay_params=[] -l1_weight_decay=0.0 -l1_weight_decay_params=[] -contractive=0.0 -contractive_params=[] -reg=0.001 -learning_rate=0.001,0.0001 -n_epochs=150,50 -n_attack_steps=10 -beta_robustness=0.0 -seed=0 -n_hidden=256 -n_layer=1 -batch_size=100 -boundary_loss=kl  -p_norm=inf -dt=1.0 -tau=20.0 -beta=2.0 -tau_adaptation=98.0 -thr=0.01 -thr_min=0.005 -refr=2 -dampening_factor=0.3 -sample_rate=16000 -eval_step_interval=400 -clip_duration_ms=1000 -window_size_ms=30.0 -window_stride_ms=10.0 -feature_bin_count=40 -in_repeat=1 -preprocess=mfcc -data_url=https://storage.googleapis.com/download.tensorflow.org/data/speech_commands_v0.02.tar.gz -silence_percentage=10.0 -unknown_percentage=10.0 -validation_percentage=10.0 -testing_percentage=10.0 -n_thr_spikes=-1 -background_volume=0.1 -background_frequency=0.8 -time_shift_ms=100.0 -wanted_words=yes,no,up,down,left,right -attack_size_constant=0.0 -initial_std_constant=0.0 -attack_size_mismatch=0.2 -initial_std_mismatch=0.001 -optimizer=adam -data_dir=/cluster/scratch/faberf/speech_dataset -session_id=2733752592
------------------------------------------------------------

Exited with exit code 1.

Resource usage summary:

    CPU time :                                   6.43 sec.
    Max Memory :                                 742 MB
    Average Memory :                             357.00 MB
    Total Requested Memory :                     65536.00 MB
    Delta Memory :                               64794.00 MB
    Max Swap :                                   -
    Max Processes :                              3
    Max Threads :                                4
    Run time :                                   19 sec.
    Turnaround time :                            438 sec.

The output (if any) follows:

2021-03-21 20:12:38.235515: W tensorflow/stream_executor/platform/default/dso_loader.cc:60] Could not load dynamic library 'libcudart.so.11.0'; dlerror: libcudart.so.11.0: cannot open shared object file: No such file or directory; LD_LIBRARY_PATH: /cluster/apps/lsf/10.1/linux3.10-glibc2.17-x86_64/lib:/cluster/apps/gcc-4.8.5/libpng-1.6.27-d6quyddan2eotsexesxufytusf27xxgz/lib:/cluster/apps/gcc-4.8.5/jpeg-9b-psjvucpx7xwkflb3meatuo6ugdtapkex/lib:/cluster/apps/gcc-4.8.5/openblas-0.2.19-w25ydbabttcfa6g76gejjkthcm3xcuv3/lib:/cluster/apps/python/3.7.1_cpu/x86_64/lib64
Traceback (most recent call last):
  File "main_speech_lsnn.py", line 72, in <module>
    n_thr_spikes=FLAGS.n_thr_spikes, n_repeat=FLAGS.in_repeat, seed=FLAGS.seed
  File "/cluster/home/faberf/BPTT-Lipschitzness/TensorCommands/input_data.py", line 105, in __init__
    testing_percentage)
  File "/cluster/home/faberf/BPTT-Lipschitzness/TensorCommands/input_data.py", line 171, in prepare_data_index
    raise Exception('No .wavs found at ' + search_path)
Exception: No .wavs found at /cluster/scratch/faberf/speech_dataset/*/*.wav
