WARNING:absl:Compiling _split for args (ShapedArray(uint32[2]),).
WARNING:absl:Compiling _truncated_normal for args (ShapedArray(uint32[2]), ShapedArray(int32[], weak_type=True), ShapedArray(int32[], weak_type=True)).
WARNING:absl:Compiling _truncated_normal for args (ShapedArray(uint32[2]), ShapedArray(int32[], weak_type=True), ShapedArray(int32[], weak_type=True)).
WARNING:absl:Compiling _truncated_normal for args (ShapedArray(uint32[2]), ShapedArray(int32[], weak_type=True), ShapedArray(int32[], weak_type=True)).
WARNING:absl:Compiling _where for args (ShapedArray(bool[]), ShapedArray(int32[]), ShapedArray(int32[])).
WARNING:absl:Compiling compute_gradient_and_update for args (ShapedArray(int32[], weak_type=True), ShapedArray(float32[100,3920]), ShapedArray(int32[100]), ShapedArray(float32[40,256]), ShapedArray(float32[40,256]), ShapedArray(float32[40,256]), ShapedArray(float32[256,8]), ShapedArray(float32[256,8]), ShapedArray(float32[256,8]), ShapedArray(float32[256,256]), ShapedArray(float32[256,256]), ShapedArray(float32[256,256]), ShapedArray(float32[8]), ShapedArray(float32[8]), ShapedArray(float32[8]), ShapedArray(uint32[2])).
WARNING:absl:Compiling _split for args (ShapedArray(uint32[2]),).
WARNING:absl:Compiling _evolve_RNN for args (ShapedArray(float32[100,256]), ShapedArray(float32[100,256]), ShapedArray(float32[100,256]), ShapedArray(float32[100,256]), ShapedArray(float32[40,256]), ShapedArray(float32[256,256]), ShapedArray(float32[256,8]), ShapedArray(float32[8]), ShapedArray(float32[1,256]), ShapedArray(float32[1,256]), ShapedArray(float32[], weak_type=True), ShapedArray(float32[], weak_type=True), ShapedArray(float32[1,256]), ShapedArray(float32[], weak_type=True), ShapedArray(float32[1,256]), ShapedArray(float32[1,1]), ShapedArray(float32[], weak_type=True), ShapedArray(float32[], weak_type=True), ShapedArray(float32[98,100,40]), ShapedArray(float32[1,256])).
WARNING:absl:Compiling categorical_cross_entropy for args (ShapedArray(int32[100]), ShapedArray(float32[100,8])).
WARNING:absl:Compiling split_and_sample for args (ShapedArray(uint32[2]),).
WARNING:absl:Compiling split_and_sample for args (ShapedArray(uint32[2]),).
WARNING:absl:Compiling split_and_sample for args (ShapedArray(uint32[2]),).
WARNING:absl:Compiling split_and_sample for args (ShapedArray(uint32[2]),).
WARNING:absl:Compiling _evolve_RNN for args (ShapedArray(float32[100,256]), ShapedArray(float32[100,256]), ShapedArray(float32[100,256]), ShapedArray(float32[100,256]), ShapedArray(float32[40,256]), ShapedArray(float32[256,256]), ShapedArray(float32[256,8]), ShapedArray(float32[8]), ShapedArray(float32[1,256]), ShapedArray(float32[1,256]), ShapedArray(float32[], weak_type=True), ShapedArray(float32[], weak_type=True), ShapedArray(float32[1,256]), ShapedArray(float32[], weak_type=True), ShapedArray(float32[1,256]), ShapedArray(float32[1,1]), ShapedArray(float32[], weak_type=True), ShapedArray(float32[], weak_type=True), ShapedArray(float32[98,100,40]), ShapedArray(float32[1,256]), AbstractUnit(), AbstractUnit(), AbstractUnit(), AbstractUnit()).
WARNING:absl:Compiling categorical_cross_entropy for args (ShapedArray(int32[100]), ShapedArray(float32[100,8]), AbstractUnit()).
WARNING:absl:Compiling backward_pass for args (ShapedArray(int32[100,1,2]), ShapedArray(float32[100,8]), ShapedArray(float32[100,1]), ShapedArray(float32[100,1]), ShapedArray(float32[100,8]), ShapedArray(float32[])).
WARNING:absl:Compiling backward_pass for args (ShapedArray(float32[100,256]), ShapedArray(float32[100,256]), ShapedArray(float32[100,256]), ShapedArray(float32[100,256]), ShapedArray(float32[98]), ShapedArray(float32[98,100,256]), ShapedArray(float32[98,100,256]), ShapedArray(float32[98,100,256]), ShapedArray(float32[98,100,256]), ShapedArray(float32[98,100,256]), ShapedArray(float32[98]), ShapedArray(float32[98,1,256]), ShapedArray(float32[98,1,256]), ShapedArray(float32[98,100,40]), ShapedArray(float32[98,256,256]), ShapedArray(float32[98,100,256]), ShapedArray(float32[98,100,256]), ShapedArray(float32[98,1,1]), ShapedArray(float32[98,1,256]), ShapedArray(float32[98,1,256]), ShapedArray(float32[98]), ShapedArray(float32[98,100,256]), ShapedArray(float32[98,100,256]), ShapedArray(float32[256,8]), ShapedArray(float32[100,256]), ShapedArray(float32[100,8])).
0.02 h Epoch 0 i 9 Loss is 2.0358057022094727 Lipschitzness loss over time [2.03580641746521, 2.0387206077575684, 2.041574001312256, 2.0444376468658447, 2.0472850799560547, 2.050107479095459, 2.0526933670043945, 2.05546236038208, 2.0580503940582275, 2.0607612133026123, 2.063401222229004] Accuracy 0.20000000298023224 Attacked accuracy 0.09000000357627869
0.03 h Epoch 0 i 19 Loss is 2.0539681911468506 Lipschitzness loss over time [2.05399227142334, 2.0571467876434326, 2.060401678085327, 2.063555955886841, 2.066699266433716, 2.070013999938965, 2.0731215476989746, 2.0762104988098145, 2.0793538093566895, 2.0825302600860596, 2.0857460498809814] Accuracy 0.1899999976158142 Attacked accuracy 0.11999999731779099
0.03 h Epoch 0 i 29 Loss is 2.0334765911102295 Lipschitzness loss over time [2.03340744972229, 2.036421775817871, 2.039182424545288, 2.041977643966675, 2.0447399616241455, 2.0475363731384277, 2.0502381324768066, 2.052675724029541, 2.0553250312805176, 2.0578415393829346, 2.060293436050415] Accuracy 0.23000000417232513 Attacked accuracy 0.09000000357627869
0.03 h Epoch 0 i 39 Loss is 2.0286569595336914 Lipschitzness loss over time [2.028736114501953, 2.0326950550079346, 2.0364696979522705, 2.0402579307556152, 2.0441501140594482, 2.0477845668792725, 2.0515878200531006, 2.055208206176758, 2.0587515830993652, 2.062359571456909, 2.0659430027008057] Accuracy 0.27000001072883606 Attacked accuracy 0.23999999463558197
0.04 h Epoch 0 i 49 Loss is 2.0286636352539062 Lipschitzness loss over time [2.0287187099456787, 2.032266855239868, 2.0355029106140137, 2.038975477218628, 2.042151689529419, 2.04525089263916, 2.0483756065368652, 2.051382303237915, 2.0544254779815674, 2.0573437213897705, 2.060455083847046] Accuracy 0.27000001072883606 Attacked accuracy 0.23000000417232513
0.04 h Epoch 0 i 59 Loss is 1.9885571002960205 Lipschitzness loss over time [1.9885036945343018, 1.993288278579712, 1.9979102611541748, 2.0023837089538574, 2.006883382797241, 2.011188507080078, 2.01528000831604, 2.0193231105804443, 2.0232982635498047, 2.027194023132324, 2.0310325622558594] Accuracy 0.30000001192092896 Attacked accuracy 0.23000000417232513
