2021-04-20 11:05:42.229035: W tensorflow/stream_executor/platform/default/dso_loader.cc:60] Could not load dynamic library 'libcudart.so.11.0'; dlerror: libcudart.so.11.0: cannot open shared object file: No such file or directory
WARNING:absl:Compiling _split for args (ShapedArray(uint32[2]),).
WARNING:absl:Compiling _truncated_normal for args (ShapedArray(uint32[2]), ShapedArray(int32[], weak_type=True), ShapedArray(int32[], weak_type=True)).
WARNING:absl:Compiling _truncated_normal for args (ShapedArray(uint32[2]), ShapedArray(int32[], weak_type=True), ShapedArray(int32[], weak_type=True)).
WARNING:absl:Compiling _truncated_normal for args (ShapedArray(uint32[2]), ShapedArray(int32[], weak_type=True), ShapedArray(int32[], weak_type=True)).
WARNING:absl:Compiling _where for args (ShapedArray(bool[]), ShapedArray(int32[]), ShapedArray(int32[])).
WARNING:absl:Compiling compute_gradient_and_update for args (ShapedArray(int32[], weak_type=True), ShapedArray(float32[100,100,2]), ShapedArray(int32[100]), ShapedArray(float32[2,256]), ShapedArray(float32[2,256]), ShapedArray(float32[2,256]), ShapedArray(float32[256,4]), ShapedArray(float32[256,4]), ShapedArray(float32[256,4]), ShapedArray(float32[256,256]), ShapedArray(float32[256,256]), ShapedArray(float32[256,256]), ShapedArray(float32[4]), ShapedArray(float32[4]), ShapedArray(float32[4]), ShapedArray(uint32[2])).
WARNING:absl:Compiling _split for args (ShapedArray(uint32[2]),).
WARNING:absl:Compiling _evolve_RNN for args (ShapedArray(float32[100,256]), ShapedArray(float32[100,256]), ShapedArray(float32[100,256]), ShapedArray(float32[100,256]), ShapedArray(float32[2,256]), ShapedArray(float32[256,256]), ShapedArray(float32[256,4]), ShapedArray(float32[4]), ShapedArray(float32[1,256]), ShapedArray(float32[1,256]), ShapedArray(float32[], weak_type=True), ShapedArray(float32[], weak_type=True), ShapedArray(float32[1,256]), ShapedArray(float32[], weak_type=True), ShapedArray(float32[1,256]), ShapedArray(float32[1,1]), ShapedArray(float32[], weak_type=True), ShapedArray(float32[], weak_type=True), ShapedArray(float32[100,100,2]), ShapedArray(float32[1,256])).
WARNING:absl:Compiling categorical_cross_entropy for args (ShapedArray(int32[100]), ShapedArray(float32[100,4])).
WARNING:absl:Compiling split_and_sample for args (ShapedArray(uint32[2]),).
WARNING:absl:Compiling split_and_sample for args (ShapedArray(uint32[2]),).
WARNING:absl:Compiling split_and_sample for args (ShapedArray(uint32[2]),).
WARNING:absl:Compiling split_and_sample for args (ShapedArray(uint32[2]),).
WARNING:absl:Compiling _evolve_RNN for args (ShapedArray(float32[100,256]), ShapedArray(float32[100,256]), ShapedArray(float32[100,256]), ShapedArray(float32[100,256]), ShapedArray(float32[2,256]), ShapedArray(float32[256,256]), ShapedArray(float32[256,4]), ShapedArray(float32[4]), ShapedArray(float32[1,256]), ShapedArray(float32[1,256]), ShapedArray(float32[], weak_type=True), ShapedArray(float32[], weak_type=True), ShapedArray(float32[1,256]), ShapedArray(float32[], weak_type=True), ShapedArray(float32[1,256]), ShapedArray(float32[1,1]), ShapedArray(float32[], weak_type=True), ShapedArray(float32[], weak_type=True), ShapedArray(float32[100,100,2]), ShapedArray(float32[1,256]), AbstractUnit(), AbstractUnit(), AbstractUnit(), AbstractUnit()).
WARNING:absl:Compiling loss_kl for args (ShapedArray(float32[100,4]), ShapedArray(float32[100,4]), AbstractUnit()).
WARNING:absl:Compiling backward_pass for args (ShapedArray(float32[100,4]), ShapedArray(bool[100,4]), ShapedArray(float32[100,4]), ShapedArray(float32[100,1]), ShapedArray(float32[100,1]), ShapedArray(float32[100,4]), ShapedArray(float32[100,4]), ShapedArray(float32[])).
WARNING:absl:Compiling backward_pass for args (ShapedArray(float32[100,256]), ShapedArray(float32[100,256]), ShapedArray(float32[100,256]), ShapedArray(float32[100,256]), ShapedArray(float32[100]), ShapedArray(float32[100,100,256]), ShapedArray(float32[100,100,256]), ShapedArray(float32[100,100,256]), ShapedArray(float32[100,100,256]), ShapedArray(float32[100,100,256]), ShapedArray(float32[100]), ShapedArray(float32[100,1,256]), ShapedArray(float32[100,1,256]), ShapedArray(float32[100,100,2]), ShapedArray(float32[100,256,256]), ShapedArray(float32[100,100,256]), ShapedArray(float32[100,100,256]), ShapedArray(float32[100,1,1]), ShapedArray(float32[100,1,256]), ShapedArray(float32[100,1,256]), ShapedArray(float32[100]), ShapedArray(float32[100,100,256]), ShapedArray(float32[100,100,256]), ShapedArray(float32[256,4]), ShapedArray(float32[100,256]), ShapedArray(float32[100,4])).
WARNING:absl:Compiling loss_kl for args (ShapedArray(float32[100,4]), ShapedArray(float32[100,4])).
0.01 h Epoch 0 i 9 / 21440 Loss is 1.380080223083496 Lipschitzness loss over time [1.585506481660559e-07, 1.3337214568309719e-06, 5.761548891314305e-06, 1.368301673210226e-05, 2.480670082150027e-05, 3.970344550907612e-05, 5.9035810409113765e-05, 8.086422167252749e-05, 0.00010636066872393712, 0.00013559417857322842, 0.00016858735762070864] Accuracy 0.44999998807907104 Attacked accuracy 0.25
0.02 h Epoch 0 i 19 / 21440 Loss is 1.368452787399292 Lipschitzness loss over time [5.220837238084641e-07, 2.8467106858443003e-06, 1.2395028534228913e-05, 3.56072087015491e-05, 6.674992619082332e-05, 0.00010936064063571393, 0.0001586315775057301, 0.0002237081789644435, 0.0002981464785989374, 0.0003863376041408628, 0.0004864834772888571] Accuracy 0.5600000023841858 Attacked accuracy 0.30000001192092896
0.02 h Epoch 0 i 29 / 21440 Loss is 1.3524607419967651 Lipschitzness loss over time [1.0655277264959295e-06, 1.2798860552720726e-05, 5.798317943117581e-05, 0.0001525863481219858, 0.00029663482564501464, 0.00048727510147728026, 0.0007341869059018791, 0.0010069689014926553, 0.0013339542783796787, 0.001704096794128418, 0.0020839569624513388] Accuracy 0.4699999988079071 Attacked accuracy 0.3799999952316284
0.03 h Epoch 0 i 39 / 21440 Loss is 1.3053250312805176 Lipschitzness loss over time [4.485417957766913e-05, 9.704073454486206e-05, 0.0001379624445689842, 0.00022797653218731284, 0.0003588987165130675, 0.0009212606237269938, 0.0014539246913045645, 0.00230608182027936, 0.003833309980109334, 0.004931268282234669, 0.0064178649336099625] Accuracy 0.49000000953674316 Attacked accuracy 0.3700000047683716
