2021-04-12 11:34:32.377798: W tensorflow/stream_executor/platform/default/dso_loader.cc:60] Could not load dynamic library 'libcudart.so.11.0'; dlerror: libcudart.so.11.0: cannot open shared object file: No such file or directory
WARNING:absl:Compiling _split for args (ShapedArray(uint32[2]),).
WARNING:absl:Compiling _truncated_normal for args (ShapedArray(uint32[2]), ShapedArray(int32[], weak_type=True), ShapedArray(int32[], weak_type=True)).
WARNING:absl:Compiling _truncated_normal for args (ShapedArray(uint32[2]), ShapedArray(int32[], weak_type=True), ShapedArray(int32[], weak_type=True)).
WARNING:absl:Compiling _truncated_normal for args (ShapedArray(uint32[2]), ShapedArray(int32[], weak_type=True), ShapedArray(int32[], weak_type=True)).
WARNING:absl:Compiling _truncated_normal for args (ShapedArray(uint32[2]), ShapedArray(int32[], weak_type=True), ShapedArray(int32[], weak_type=True)).
WARNING:absl:Compiling _truncated_normal for args (ShapedArray(uint32[2]), ShapedArray(int32[], weak_type=True), ShapedArray(int32[], weak_type=True)).
WARNING:absl:Compiling _truncated_normal for args (ShapedArray(uint32[2]), ShapedArray(int32[], weak_type=True), ShapedArray(int32[], weak_type=True)).
WARNING:absl:Compiling _truncated_normal for args (ShapedArray(uint32[2]), ShapedArray(int32[], weak_type=True), ShapedArray(int32[], weak_type=True)).
WARNING:absl:Compiling compute_gradient_and_update for args (ShapedArray(int32[], weak_type=True), ShapedArray(float32[100,1,28,28]), ShapedArray(int32[100]), ShapedArray(float32[256]), ShapedArray(float32[256]), ShapedArray(float32[256]), ShapedArray(float32[64]), ShapedArray(float32[64]), ShapedArray(float32[64]), ShapedArray(float32[10]), ShapedArray(float32[10]), ShapedArray(float32[10]), ShapedArray(float32[1,1,1,1]), ShapedArray(float32[1,1,1,1]), ShapedArray(float32[1,1,1,1]), ShapedArray(float32[1,64,1,1]), ShapedArray(float32[1,64,1,1]), ShapedArray(float32[1,64,1,1]), ShapedArray(float32[64,1,4,4]), ShapedArray(float32[64,1,4,4]), ShapedArray(float32[64,1,4,4]), ShapedArray(float32[64,64,4,4]), ShapedArray(float32[64,64,4,4]), ShapedArray(float32[64,64,4,4]), ShapedArray(float32[1600,256]), ShapedArray(float32[1600,256]), ShapedArray(float32[1600,256]), ShapedArray(float32[256,64]), ShapedArray(float32[256,64]), ShapedArray(float32[256,64]), ShapedArray(float32[64,10]), ShapedArray(float32[64,10]), ShapedArray(float32[64,10]), ShapedArray(uint32[2])).
WARNING:absl:Compiling _split for args (ShapedArray(uint32[2]),).
WARNING:absl:Compiling _evolve_CNN for args (ShapedArray(float32[64,1,4,4]), ShapedArray(float32[1,1,1,1]), ShapedArray(float32[64,64,4,4]), ShapedArray(float32[1,64,1,1]), ShapedArray(float32[1600,256]), ShapedArray(float32[256,64]), ShapedArray(float32[64,10]), ShapedArray(float32[256]), ShapedArray(float32[64]), ShapedArray(float32[10]), ShapedArray(float32[100,1,28,28]), ShapedArray(float32[1,1600]), ShapedArray(float32[1,256]), ShapedArray(float32[1,64])).
WARNING:absl:Compiling categorical_cross_entropy for args (ShapedArray(int32[100]), ShapedArray(float32[100,10])).
WARNING:absl:Compiling split_and_sample for args (ShapedArray(uint32[2]),).
WARNING:absl:Compiling split_and_sample for args (ShapedArray(uint32[2]),).
WARNING:absl:Compiling split_and_sample for args (ShapedArray(uint32[2]),).
WARNING:absl:Compiling split_and_sample for args (ShapedArray(uint32[2]),).
WARNING:absl:Compiling split_and_sample for args (ShapedArray(uint32[2]),).
WARNING:absl:Compiling split_and_sample for args (ShapedArray(uint32[2]),).
WARNING:absl:Compiling split_and_sample for args (ShapedArray(uint32[2]),).
WARNING:absl:Compiling split_and_sample for args (ShapedArray(uint32[2]),).
WARNING:absl:Compiling split_and_sample for args (ShapedArray(uint32[2]),).
WARNING:absl:Compiling split_and_sample for args (ShapedArray(uint32[2]),).
WARNING:absl:Compiling _evolve_CNN for args (ShapedArray(float32[64,1,4,4]), ShapedArray(float32[1,1,1,1]), ShapedArray(float32[64,64,4,4]), ShapedArray(float32[1,64,1,1]), ShapedArray(float32[1600,256]), ShapedArray(float32[256,64]), ShapedArray(float32[64,10]), ShapedArray(float32[256]), ShapedArray(float32[64]), ShapedArray(float32[10]), ShapedArray(float32[100,1,28,28]), ShapedArray(float32[1,1600]), ShapedArray(float32[1,256]), ShapedArray(float32[1,64]), AbstractUnit(), AbstractUnit(), AbstractUnit(), AbstractUnit(), AbstractUnit(), AbstractUnit(), AbstractUnit(), AbstractUnit(), AbstractUnit(), AbstractUnit()).
WARNING:absl:Compiling loss_kl for args (ShapedArray(float32[100,10]), ShapedArray(float32[100,10]), AbstractUnit()).
WARNING:absl:Compiling backward_pass for args (ShapedArray(float32[100,10]), ShapedArray(bool[100,10]), ShapedArray(float32[100,10]), ShapedArray(float32[100,1]), ShapedArray(float32[100,1]), ShapedArray(float32[100,10]), ShapedArray(float32[100,10]), ShapedArray(float32[])).
WARNING:absl:Compiling backward_pass for args (ShapedArray(bool[100,64]), ShapedArray(bool[100,256]), ShapedArray(bool[100,64,5,5]), ShapedArray(bool[100,64,5,2,5,2]), ShapedArray(bool[100,64,11,11]), ShapedArray(bool[100,64,14,14]), ShapedArray(bool[100,64,14,2,14,2]), ShapedArray(bool[100,64,28,28]), ShapedArray(float32[100,1,28,28]), ShapedArray(int32[2]), ShapedArray(float32[100,64,14,2,14,2]), ShapedArray(float32[100,64,14,14]), ShapedArray(float32[64,64,4,4]), ShapedArray(float32[100,64,14,14]), ShapedArray(int32[2]), ShapedArray(float32[100,64,5,2,5,2]), ShapedArray(float32[100,64,5,5]), ShapedArray(float32[1,1600]), ShapedArray(float32[1600,256]), ShapedArray(float32[100,1600]), ShapedArray(float32[1,256]), ShapedArray(float32[256,64]), ShapedArray(float32[100,256]), ShapedArray(float32[1,64]), ShapedArray(float32[1,64]), ShapedArray(float32[100,64]), ShapedArray(float32[100,64]), ShapedArray(float32[1,64]), ShapedArray(float32[1,64]), ShapedArray(float32[64,10]), ShapedArray(float32[100,64]), ShapedArray(float32[100,10])).
WARNING:absl:Compiling loss_kl for args (ShapedArray(float32[100,10]), ShapedArray(float32[100,10])).
0.01 h Epoch 0 i 9 Loss is 0.9566736221313477 Lipschitzness loss over time [2.534111217755708e-06, 0.3096869885921478, 1.043628215789795, 1.8767248392105103, 2.68524169921875, 3.4662399291992188, 4.14801025390625, 4.610957622528076, 5.012580871582031, 5.494849681854248, 5.896511077880859] Accuracy 0.6399999856948853 Attacked accuracy 0.15000000596046448
0.01 h Epoch 0 i 19 Loss is 0.7357372045516968 Lipschitzness loss over time [1.9584206256695325e-06, 0.2678818702697754, 0.9837074279785156, 1.8941090106964111, 2.6713786125183105, 3.4863831996917725, 4.243320941925049, 4.988489151000977, 5.597621917724609, 6.07952356338501, 6.529016017913818] Accuracy 0.7799999713897705 Attacked accuracy 0.20000000298023224
0.01 h Epoch 0 i 29 Loss is 0.782711386680603 Lipschitzness loss over time [1.5666553281334927e-06, 0.2811290919780731, 0.8885631561279297, 1.760205626487732, 2.6650240421295166, 3.3669629096984863, 4.061464786529541, 4.579744338989258, 5.150086402893066, 5.528872966766357, 5.942038536071777] Accuracy 0.699999988079071 Attacked accuracy 0.27000001072883606
0.01 h Epoch 0 i 39 Loss is 0.6228781938552856 Lipschitzness loss over time [1.53020346260746e-06, 0.2500298023223877, 1.0127748250961304, 1.9941649436950684, 2.856995105743408, 3.393340587615967, 4.120373249053955, 4.6554856300354, 5.155562400817871, 5.604763507843018, 6.153268337249756] Accuracy 0.7799999713897705 Attacked accuracy 0.17000000178813934
0.01 h Epoch 0 i 49 Loss is 0.7054163813591003 Lipschitzness loss over time [1.5048551631480223e-06, 0.17662078142166138, 0.7111944556236267, 1.3997024297714233, 2.165445327758789, 2.9588654041290283, 3.8094701766967773, 4.633917331695557, 5.318759441375732, 5.981125354766846, 6.504311561584473] Accuracy 0.7300000190734863 Attacked accuracy 0.15000000596046448
0.01 h Epoch 0 i 59 Loss is 0.6751567721366882 Lipschitzness loss over time [1.0581653668850777e-06, 0.17286111414432526, 0.4750622510910034, 1.0646106004714966, 1.7369149923324585, 2.442232370376587, 3.0878894329071045, 3.712266683578491, 4.278895854949951, 4.800841331481934, 5.1958231925964355] Accuracy 0.7200000286102295 Attacked accuracy 0.30000001192092896
0.01 h Epoch 0 i 69 Loss is 0.7121368050575256 Lipschitzness loss over time [6.328387485154963e-07, 0.18488702178001404, 0.7404260039329529, 1.1553258895874023, 1.9463304281234741, 2.7428483963012695, 3.6432039737701416, 4.533890724182129, 5.498798847198486, 6.372624397277832, 7.285092830657959] Accuracy 0.7599999904632568 Attacked accuracy 0.12999999523162842
