2021-05-01 16:41:52.787191: W tensorflow/stream_executor/platform/default/dso_loader.cc:59] Could not load dynamic library 'libcudart.so.11.0'; dlerror: libcudart.so.11.0: cannot open shared object file: No such file or directory
2021-05-01 16:41:55.748359: W tensorflow/stream_executor/platform/default/dso_loader.cc:59] Could not load dynamic library 'libcudart.so.11.0'; dlerror: libcudart.so.11.0: cannot open shared object file: No such file or directory
2021-05-01 16:41:55.748474: W tensorflow/stream_executor/platform/default/dso_loader.cc:59] Could not load dynamic library 'libcublas.so.11'; dlerror: libcublas.so.11: cannot open shared object file: No such file or directory
2021-05-01 16:41:55.748559: W tensorflow/stream_executor/platform/default/dso_loader.cc:59] Could not load dynamic library 'libcufft.so.10'; dlerror: libcufft.so.10: cannot open shared object file: No such file or directory
2021-05-01 16:41:55.748646: W tensorflow/stream_executor/platform/default/dso_loader.cc:59] Could not load dynamic library 'libcurand.so.10'; dlerror: libcurand.so.10: cannot open shared object file: No such file or directory
2021-05-01 16:41:55.748730: W tensorflow/stream_executor/platform/default/dso_loader.cc:59] Could not load dynamic library 'libcusolver.so.10'; dlerror: libcusolver.so.10: cannot open shared object file: No such file or directory
2021-05-01 16:41:55.748811: W tensorflow/stream_executor/platform/default/dso_loader.cc:59] Could not load dynamic library 'libcusparse.so.11'; dlerror: libcusparse.so.11: cannot open shared object file: No such file or directory
2021-05-01 16:41:55.748892: W tensorflow/stream_executor/platform/default/dso_loader.cc:59] Could not load dynamic library 'libcudnn.so.8'; dlerror: libcudnn.so.8: cannot open shared object file: No such file or directory
2021-05-01 16:41:55.748904: W tensorflow/core/common_runtime/gpu/gpu_device.cc:1757] Cannot dlopen some GPU libraries. Please make sure the missing libraries mentioned above are installed properly if you would like to use GPU. Follow the guide at https://www.tensorflow.org/install/gpu for how to download and setup the required libraries for your platform.
Skipping registering GPU devices...
WARNING:absl:Compiling _split for args (ShapedArray(uint32[2]),).
WARNING:absl:Compiling _truncated_normal for args (ShapedArray(uint32[2]), ShapedArray(int32[], weak_type=True), ShapedArray(int32[], weak_type=True)).
WARNING:absl:Compiling _truncated_normal for args (ShapedArray(uint32[2]), ShapedArray(int32[], weak_type=True), ShapedArray(int32[], weak_type=True)).
WARNING:absl:Compiling _truncated_normal for args (ShapedArray(uint32[2]), ShapedArray(int32[], weak_type=True), ShapedArray(int32[], weak_type=True)).
WARNING:absl:Compiling _where for args (ShapedArray(bool[]), ShapedArray(int32[]), ShapedArray(int32[])).
WARNING:absl:Compiling compute_gradient_and_update for args (ShapedArray(int32[], weak_type=True), ShapedArray(float32[100,3920]), ShapedArray(int32[100]), ShapedArray(float32[40,256]), ShapedArray(float32[40,256]), ShapedArray(float32[40,256]), ShapedArray(float32[256,8]), ShapedArray(float32[256,8]), ShapedArray(float32[256,8]), ShapedArray(float32[256,256]), ShapedArray(float32[256,256]), ShapedArray(float32[256,256]), ShapedArray(float32[8]), ShapedArray(float32[8]), ShapedArray(float32[8]), ShapedArray(uint32[2])).
WARNING:absl:Compiling _split for args (ShapedArray(uint32[2]),).
WARNING:absl:Compiling _evolve_RNN for args (ShapedArray(float32[100,256]), ShapedArray(float32[100,256]), ShapedArray(float32[100,256]), ShapedArray(float32[100,256]), ShapedArray(float32[40,256]), ShapedArray(float32[256,256]), ShapedArray(float32[256,8]), ShapedArray(float32[8]), ShapedArray(float32[1,256]), ShapedArray(float32[1,256]), ShapedArray(float32[], weak_type=True), ShapedArray(float32[], weak_type=True), ShapedArray(float32[1,256]), ShapedArray(float32[], weak_type=True), ShapedArray(float32[1,256]), ShapedArray(float32[1,1]), ShapedArray(float32[], weak_type=True), ShapedArray(float32[], weak_type=True), ShapedArray(float32[98,100,40]), ShapedArray(float32[1,256])).
WARNING:absl:Compiling categorical_cross_entropy for args (ShapedArray(int32[100]), ShapedArray(float32[100,8])).
WARNING:absl:Compiling split_and_sample for args (ShapedArray(uint32[2]),).
WARNING:absl:Compiling split_and_sample for args (ShapedArray(uint32[2]),).
WARNING:absl:Compiling split_and_sample for args (ShapedArray(uint32[2]),).
WARNING:absl:Compiling split_and_sample for args (ShapedArray(uint32[2]),).
WARNING:absl:Compiling _evolve_RNN for args (ShapedArray(float32[100,256]), ShapedArray(float32[100,256]), ShapedArray(float32[100,256]), ShapedArray(float32[100,256]), ShapedArray(float32[40,256]), ShapedArray(float32[256,256]), ShapedArray(float32[256,8]), ShapedArray(float32[8]), ShapedArray(float32[1,256]), ShapedArray(float32[1,256]), ShapedArray(float32[], weak_type=True), ShapedArray(float32[], weak_type=True), ShapedArray(float32[1,256]), ShapedArray(float32[], weak_type=True), ShapedArray(float32[1,256]), ShapedArray(float32[1,1]), ShapedArray(float32[], weak_type=True), ShapedArray(float32[], weak_type=True), ShapedArray(float32[98,100,40]), ShapedArray(float32[1,256]), AbstractUnit(), AbstractUnit(), AbstractUnit(), AbstractUnit()).
WARNING:absl:Compiling loss_kl for args (ShapedArray(float32[100,8]), ShapedArray(float32[100,8]), AbstractUnit()).
WARNING:absl:Compiling backward_pass for args (ShapedArray(float32[100,8]), ShapedArray(bool[100,8]), ShapedArray(float32[100,8]), ShapedArray(float32[100,1]), ShapedArray(float32[100,1]), ShapedArray(float32[100,8]), ShapedArray(float32[100,8]), ShapedArray(float32[])).
WARNING:absl:Compiling backward_pass for args (ShapedArray(float32[100,256]), ShapedArray(float32[100,256]), ShapedArray(float32[100,256]), ShapedArray(float32[100,256]), ShapedArray(float32[98]), ShapedArray(float32[98,100,256]), ShapedArray(float32[98,100,256]), ShapedArray(float32[98,100,256]), ShapedArray(float32[98,100,256]), ShapedArray(float32[98,100,256]), ShapedArray(float32[98]), ShapedArray(float32[98,1,256]), ShapedArray(float32[98,1,256]), ShapedArray(float32[98,100,40]), ShapedArray(float32[98,256,256]), ShapedArray(float32[98,100,256]), ShapedArray(float32[98,100,256]), ShapedArray(float32[98,1,1]), ShapedArray(float32[98,1,256]), ShapedArray(float32[98,1,256]), ShapedArray(float32[98]), ShapedArray(float32[98,100,256]), ShapedArray(float32[98,100,256]), ShapedArray(float32[256,8]), ShapedArray(float32[100,256]), ShapedArray(float32[100,8])).
WARNING:absl:Compiling loss_kl for args (ShapedArray(float32[100,8]), ShapedArray(float32[100,8])).
0.02 h Epoch 0 i 9 Loss is 2.032639503479004 Lipschitzness loss over time [4.184653334959876e-08, 4.528336376097286e-06, 2.088221299345605e-05, 4.917298792861402e-05, 9.003458399092779e-05, 0.00014208813081495464, 0.0002063961437670514, 0.00028180013759993017, 0.0003675249754451215, 0.0004623454005923122, 0.0005697658052667975] Accuracy 0.17000000178813934 Attacked accuracy 0.23000000417232513
0.02 h Epoch 0 i 19 Loss is 2.0596444606781006 Lipschitzness loss over time [6.399412200153165e-08, 6.002977443131385e-06, 2.8008495064568706e-05, 6.944165943423286e-05, 0.00013091859000269324, 0.00021237734472379088, 0.0003176296304445714, 0.00044839823385700583, 0.0005999822169542313, 0.0007774208206683397, 0.0009834173833951354] Accuracy 0.12999999523162842 Attacked accuracy 0.18000000715255737
0.03 h Epoch 0 i 29 Loss is 2.021800994873047 Lipschitzness loss over time [9.22554121984831e-08, 5.715166025765939e-06, 3.259880031691864e-05, 8.299200271721929e-05, 0.00015866935427766293, 0.0002626857894938439, 0.0003932300896849483, 0.0005499233957380056, 0.0007370709208771586, 0.0009559467434883118, 0.0012041255831718445] Accuracy 0.25 Attacked accuracy 0.1899999976158142
0.03 h Epoch 0 i 39 Loss is 2.0362730026245117 Lipschitzness loss over time [1.3667276732576283e-07, 6.1879586610302795e-06, 3.0029425033717416e-05, 7.404874486383051e-05, 0.00014333771832752973, 0.00024157030566129833, 0.0003646391851361841, 0.0005177862476557493, 0.000706458231434226, 0.0009226468973793089, 0.001179904444143176] Accuracy 0.20999999344348907 Attacked accuracy 0.1899999976158142
0.04 h Epoch 0 i 49 Loss is 2.003659963607788 Lipschitzness loss over time [2.411648551969847e-07, 7.365864803432487e-06, 3.636191468103789e-05, 9.031560330186039e-05, 0.00017129986372310668, 0.00028061712509952486, 0.0004140610108152032, 0.0005675616557709873, 0.0007521703955717385, 0.0009578745812177658, 0.0011785713722929358] Accuracy 0.3100000023841858 Attacked accuracy 0.36000001430511475
0.04 h Epoch 0 i 59 Loss is 1.9648077487945557 Lipschitzness loss over time [2.910200578298827e-07, 9.324160600954201e-06, 5.0533013563835993e-05, 0.00012194246664876118, 0.00022911409905645996, 0.00037182512460276484, 0.000551295408513397, 0.0007726859766989946, 0.0010269108461216092, 0.0013278418919071555, 0.0016771625960245728] Accuracy 0.3100000023841858 Attacked accuracy 0.2800000011920929
0.04 h Epoch 0 i 69 Loss is 2.0003905296325684 Lipschitzness loss over time [5.244569933893217e-07, 2.3949638489284553e-05, 9.80631957645528e-05, 0.00022550758149009198, 0.00040844694012776017, 0.000635608215816319, 0.0009110757964663208, 0.0012386806774884462, 0.0016055215382948518, 0.0020113633945584297, 0.002462690928950906] Accuracy 0.25999999046325684 Attacked accuracy 0.25999999046325684
