2021-04-06 12:28:58.850105: W tensorflow/stream_executor/platform/default/dso_loader.cc:60] Could not load dynamic library 'libcudart.so.11.0'; dlerror: libcudart.so.11.0: cannot open shared object file: No such file or directory
2021-04-06 12:29:00.971628: W tensorflow/stream_executor/platform/default/dso_loader.cc:60] Could not load dynamic library 'libcudart.so.11.0'; dlerror: libcudart.so.11.0: cannot open shared object file: No such file or directory
2021-04-06 12:29:00.971696: W tensorflow/stream_executor/platform/default/dso_loader.cc:60] Could not load dynamic library 'libcublas.so.11'; dlerror: libcublas.so.11: cannot open shared object file: No such file or directory
2021-04-06 12:29:00.971741: W tensorflow/stream_executor/platform/default/dso_loader.cc:60] Could not load dynamic library 'libcublasLt.so.11'; dlerror: libcublasLt.so.11: cannot open shared object file: No such file or directory
2021-04-06 12:29:00.971788: W tensorflow/stream_executor/platform/default/dso_loader.cc:60] Could not load dynamic library 'libcufft.so.10'; dlerror: libcufft.so.10: cannot open shared object file: No such file or directory
2021-04-06 12:29:00.971834: W tensorflow/stream_executor/platform/default/dso_loader.cc:60] Could not load dynamic library 'libcurand.so.10'; dlerror: libcurand.so.10: cannot open shared object file: No such file or directory
2021-04-06 12:29:00.971879: W tensorflow/stream_executor/platform/default/dso_loader.cc:60] Could not load dynamic library 'libcusolver.so.10'; dlerror: libcusolver.so.10: cannot open shared object file: No such file or directory
2021-04-06 12:29:00.971924: W tensorflow/stream_executor/platform/default/dso_loader.cc:60] Could not load dynamic library 'libcusparse.so.11'; dlerror: libcusparse.so.11: cannot open shared object file: No such file or directory
2021-04-06 12:29:00.971989: W tensorflow/stream_executor/platform/default/dso_loader.cc:60] Could not load dynamic library 'libcudnn.so.8'; dlerror: libcudnn.so.8: cannot open shared object file: No such file or directory
2021-04-06 12:29:00.972000: W tensorflow/core/common_runtime/gpu/gpu_device.cc:1757] Cannot dlopen some GPU libraries. Please make sure the missing libraries mentioned above are installed properly if you would like to use GPU. Follow the guide at https://www.tensorflow.org/install/gpu for how to download and setup the required libraries for your platform.
Skipping registering GPU devices...
WARNING:absl:Compiling _split for args (ShapedArray(uint32[2]),).
WARNING:absl:Compiling _truncated_normal for args (ShapedArray(uint32[2]), ShapedArray(int32[], weak_type=True), ShapedArray(int32[], weak_type=True)).
WARNING:absl:Compiling _truncated_normal for args (ShapedArray(uint32[2]), ShapedArray(int32[], weak_type=True), ShapedArray(int32[], weak_type=True)).
WARNING:absl:Compiling _truncated_normal for args (ShapedArray(uint32[2]), ShapedArray(int32[], weak_type=True), ShapedArray(int32[], weak_type=True)).
WARNING:absl:Compiling _where for args (ShapedArray(bool[]), ShapedArray(int32[]), ShapedArray(int32[])).
WARNING:absl:Compiling compute_gradient_and_update for args (ShapedArray(int32[], weak_type=True), ShapedArray(float32[100,3920]), ShapedArray(int32[100]), ShapedArray(float32[40,256]), ShapedArray(float32[40,256]), ShapedArray(float32[40,256]), ShapedArray(float32[256,8]), ShapedArray(float32[256,8]), ShapedArray(float32[256,8]), ShapedArray(float32[256,256]), ShapedArray(float32[256,256]), ShapedArray(float32[256,256]), ShapedArray(float32[8]), ShapedArray(float32[8]), ShapedArray(float32[8]), ShapedArray(uint32[2])).
WARNING:absl:Compiling _split for args (ShapedArray(uint32[2]),).
WARNING:absl:Compiling _evolve_RNN for args (ShapedArray(float32[100,256]), ShapedArray(float32[100,256]), ShapedArray(float32[100,256]), ShapedArray(float32[100,256]), ShapedArray(float32[40,256]), ShapedArray(float32[256,256]), ShapedArray(float32[256,8]), ShapedArray(float32[8]), ShapedArray(float32[1,256]), ShapedArray(float32[1,256]), ShapedArray(float32[], weak_type=True), ShapedArray(float32[], weak_type=True), ShapedArray(float32[1,256]), ShapedArray(float32[], weak_type=True), ShapedArray(float32[1,256]), ShapedArray(float32[1,1]), ShapedArray(float32[], weak_type=True), ShapedArray(float32[], weak_type=True), ShapedArray(float32[98,100,40]), ShapedArray(float32[1,256])).
WARNING:absl:Compiling categorical_cross_entropy for args (ShapedArray(int32[100]), ShapedArray(float32[100,8])).
WARNING:absl:Compiling split_and_sample for args (ShapedArray(uint32[2]),).
WARNING:absl:Compiling split_and_sample for args (ShapedArray(uint32[2]),).
WARNING:absl:Compiling split_and_sample for args (ShapedArray(uint32[2]),).
WARNING:absl:Compiling split_and_sample for args (ShapedArray(uint32[2]),).
WARNING:absl:Compiling _evolve_RNN for args (ShapedArray(float32[100,256]), ShapedArray(float32[100,256]), ShapedArray(float32[100,256]), ShapedArray(float32[100,256]), ShapedArray(float32[40,256]), ShapedArray(float32[256,256]), ShapedArray(float32[256,8]), ShapedArray(float32[8]), ShapedArray(float32[1,256]), ShapedArray(float32[1,256]), ShapedArray(float32[], weak_type=True), ShapedArray(float32[], weak_type=True), ShapedArray(float32[1,256]), ShapedArray(float32[], weak_type=True), ShapedArray(float32[1,256]), ShapedArray(float32[1,1]), ShapedArray(float32[], weak_type=True), ShapedArray(float32[], weak_type=True), ShapedArray(float32[98,100,40]), ShapedArray(float32[1,256]), AbstractUnit(), AbstractUnit(), AbstractUnit(), AbstractUnit()).
WARNING:absl:Compiling loss_kl for args (ShapedArray(float32[100,8]), ShapedArray(float32[100,8]), AbstractUnit()).
WARNING:absl:Compiling backward_pass for args (ShapedArray(float32[100,8]), ShapedArray(bool[100,8]), ShapedArray(float32[100,8]), ShapedArray(float32[100,1]), ShapedArray(float32[100,1]), ShapedArray(float32[100,8]), ShapedArray(float32[100,8]), ShapedArray(float32[])).
WARNING:absl:Compiling backward_pass for args (ShapedArray(float32[100,256]), ShapedArray(float32[100,256]), ShapedArray(float32[100,256]), ShapedArray(float32[100,256]), ShapedArray(float32[98]), ShapedArray(float32[98,100,256]), ShapedArray(float32[98,100,256]), ShapedArray(float32[98,100,256]), ShapedArray(float32[98,100,256]), ShapedArray(float32[98,100,256]), ShapedArray(float32[98]), ShapedArray(float32[98,1,256]), ShapedArray(float32[98,1,256]), ShapedArray(float32[98,100,40]), ShapedArray(float32[98,256,256]), ShapedArray(float32[98,100,256]), ShapedArray(float32[98,100,256]), ShapedArray(float32[98,1,1]), ShapedArray(float32[98,1,256]), ShapedArray(float32[98,1,256]), ShapedArray(float32[98]), ShapedArray(float32[98,100,256]), ShapedArray(float32[98,100,256]), ShapedArray(float32[256,8]), ShapedArray(float32[100,256]), ShapedArray(float32[100,8])).
WARNING:absl:Compiling loss_kl for args (ShapedArray(float32[100,8]), ShapedArray(float32[100,8])).
Epoch 0 i 9 Loss is 2.0287301540374756 Lipschitzness loss over time [2.8700327447950258e-08, 1.5637240721844137e-05, 7.054123852867633e-05, 0.0001633669453440234, 0.0002968109620269388, 0.00046581256901845336, 0.0006712606991641223, 0.000909585680346936, 0.0011813956080004573, 0.001487335073761642, 0.0018268459243699908] Accuracy 0.23000000417232513 Attacked accuracy 0.1599999964237213
Epoch 0 i 19 Loss is 2.068718194961548 Lipschitzness loss over time [6.135635999271472e-08, 1.8112410543835722e-05, 7.802629261277616e-05, 0.00017991388449445367, 0.000319999031489715, 0.0004977803328074515, 0.0007107619312591851, 0.0009611300192773342, 0.0012438546400517225, 0.001561157638207078, 0.0019158462528139353] Accuracy 0.17000000178813934 Attacked accuracy 0.17000000178813934
Epoch 0 i 29 Loss is 2.053063154220581 Lipschitzness loss over time [6.151832110390387e-08, 3.483218824840151e-05, 0.00014534921501763165, 0.0003329346945974976, 0.0005925180739723146, 0.0009184123482555151, 0.0013129489962011576, 0.0017731644911691546, 0.002292526885867119, 0.0028729515615850687, 0.0035021095536649227] Accuracy 0.28999999165534973 Attacked accuracy 0.1599999964237213
