2021-11-28 14:12:06.748127: W tensorflow/stream_executor/platform/default/dso_loader.cc:59] Could not load dynamic library 'libcudart.so.11.0'; dlerror: libcudart.so.11.0: cannot open shared object file: No such file or directory
WARNING:absl:Compiling _split for args (ShapedArray(uint32[2]),).
WARNING:absl:Compiling _truncated_normal for args (ShapedArray(uint32[2]), ShapedArray(int32[], weak_type=True), ShapedArray(int32[], weak_type=True)).
WARNING:absl:Compiling _truncated_normal for args (ShapedArray(uint32[2]), ShapedArray(int32[], weak_type=True), ShapedArray(int32[], weak_type=True)).
WARNING:absl:Compiling _truncated_normal for args (ShapedArray(uint32[2]), ShapedArray(int32[], weak_type=True), ShapedArray(int32[], weak_type=True)).
WARNING:absl:Compiling _where for args (ShapedArray(bool[]), ShapedArray(int32[]), ShapedArray(int32[])).
WARNING:absl:Compiling compute_gradient_and_update for args (ShapedArray(int32[], weak_type=True), ShapedArray(float32[100,3920]), ShapedArray(int32[100]), ShapedArray(float32[40,256]), ShapedArray(float32[40,256]), ShapedArray(float32[40,256]), ShapedArray(float32[256,8]), ShapedArray(float32[256,8]), ShapedArray(float32[256,8]), ShapedArray(float32[256,256]), ShapedArray(float32[256,256]), ShapedArray(float32[256,256]), ShapedArray(float32[8]), ShapedArray(float32[8]), ShapedArray(float32[8]), ShapedArray(uint32[2])).
WARNING:absl:Compiling _split for args (ShapedArray(uint32[2]),).
WARNING:absl:Compiling _evolve_RNN for args (ShapedArray(float32[100,256]), ShapedArray(float32[100,256]), ShapedArray(float32[100,256]), ShapedArray(float32[100,256]), ShapedArray(float32[40,256]), ShapedArray(float32[256,256]), ShapedArray(float32[256,8]), ShapedArray(float32[8]), ShapedArray(float32[1,256]), ShapedArray(float32[1,256]), ShapedArray(float32[], weak_type=True), ShapedArray(float32[], weak_type=True), ShapedArray(float32[1,256]), ShapedArray(float32[], weak_type=True), ShapedArray(float32[1,256]), ShapedArray(float32[1,1]), ShapedArray(float32[], weak_type=True), ShapedArray(float32[], weak_type=True), ShapedArray(float32[98,100,40]), ShapedArray(float32[1,256])).
WARNING:absl:Compiling categorical_cross_entropy for args (ShapedArray(int32[100]), ShapedArray(float32[100,8])).
WARNING:absl:Compiling split_and_sample for args (ShapedArray(uint32[2]),).
WARNING:absl:Compiling split_and_sample for args (ShapedArray(uint32[2]),).
WARNING:absl:Compiling split_and_sample for args (ShapedArray(uint32[2]),).
WARNING:absl:Compiling split_and_sample for args (ShapedArray(uint32[2]),).
WARNING:absl:Compiling _evolve_RNN for args (ShapedArray(float32[100,256]), ShapedArray(float32[100,256]), ShapedArray(float32[100,256]), ShapedArray(float32[100,256]), ShapedArray(float32[40,256]), ShapedArray(float32[256,256]), ShapedArray(float32[256,8]), ShapedArray(float32[8]), ShapedArray(float32[1,256]), ShapedArray(float32[1,256]), ShapedArray(float32[], weak_type=True), ShapedArray(float32[], weak_type=True), ShapedArray(float32[1,256]), ShapedArray(float32[], weak_type=True), ShapedArray(float32[1,256]), ShapedArray(float32[1,1]), ShapedArray(float32[], weak_type=True), ShapedArray(float32[], weak_type=True), ShapedArray(float32[98,100,40]), ShapedArray(float32[1,256]), AbstractUnit(), AbstractUnit(), AbstractUnit(), AbstractUnit()).
WARNING:absl:Compiling categorical_cross_entropy for args (ShapedArray(int32[100]), ShapedArray(float32[100,8]), AbstractUnit()).
WARNING:absl:Compiling backward_pass for args (ShapedArray(int32[100,1,2]), ShapedArray(float32[100,8]), ShapedArray(float32[100,1]), ShapedArray(float32[100,1]), ShapedArray(float32[100,8]), ShapedArray(float32[])).
WARNING:absl:Compiling backward_pass for args (ShapedArray(float32[100,256]), ShapedArray(float32[100,256]), ShapedArray(float32[100,256]), ShapedArray(float32[100,256]), ShapedArray(float32[98]), ShapedArray(float32[98,100,256]), ShapedArray(float32[98,100,256]), ShapedArray(float32[98,100,256]), ShapedArray(float32[98,100,256]), ShapedArray(float32[98,100,256]), ShapedArray(float32[98]), ShapedArray(float32[98,1,256]), ShapedArray(float32[98,1,256]), ShapedArray(float32[98,100,40]), ShapedArray(float32[98,256,256]), ShapedArray(float32[98,100,256]), ShapedArray(float32[98,100,256]), ShapedArray(float32[98,1,1]), ShapedArray(float32[98,1,256]), ShapedArray(float32[98,1,256]), ShapedArray(float32[98]), ShapedArray(float32[98,100,256]), ShapedArray(float32[98,100,256]), ShapedArray(float32[256,8]), ShapedArray(float32[100,256]), ShapedArray(float32[100,8])).
0.02 h Epoch 0 i 9 Loss is 2.0327441692352295 Lipschitzness loss over time [2.032640218734741, 2.032831907272339, 2.0329766273498535, 2.0331289768218994, 2.033285140991211, 2.0334107875823975, 2.0336029529571533, 2.033721446990967, 2.033843517303467, 2.034006357192993, 2.0341975688934326] Accuracy 0.17000000178813934 Attacked accuracy 0.17000000178813934
0.02 h Epoch 0 i 19 Loss is 2.059684991836548 Lipschitzness loss over time [2.0597140789031982, 2.0599076747894287, 2.060068368911743, 2.0602149963378906, 2.0603883266448975, 2.0605664253234863, 2.060699939727783, 2.060892343521118, 2.0610954761505127, 2.0612261295318604, 2.06142258644104] Accuracy 0.11999999731779099 Attacked accuracy 0.10999999940395355
