2021-04-28 17:07:58.684000: W tensorflow/stream_executor/platform/default/dso_loader.cc:59] Could not load dynamic library 'libcudart.so.11.0'; dlerror: libcudart.so.11.0: cannot open shared object file: No such file or directory
WARNING:absl:Compiling _split for args (ShapedArray(uint32[2]),).
WARNING:absl:Compiling _truncated_normal for args (ShapedArray(uint32[2]), ShapedArray(int32[], weak_type=True), ShapedArray(int32[], weak_type=True)).
WARNING:absl:Compiling _truncated_normal for args (ShapedArray(uint32[2]), ShapedArray(int32[], weak_type=True), ShapedArray(int32[], weak_type=True)).
WARNING:absl:Compiling _truncated_normal for args (ShapedArray(uint32[2]), ShapedArray(int32[], weak_type=True), ShapedArray(int32[], weak_type=True)).
WARNING:absl:Compiling _where for args (ShapedArray(bool[]), ShapedArray(int32[]), ShapedArray(int32[])).
WARNING:absl:Compiling compute_gradient_and_update for args (ShapedArray(int32[], weak_type=True), ShapedArray(float32[100,100,2]), ShapedArray(int32[100]), ShapedArray(float32[2,256]), ShapedArray(float32[2,256]), ShapedArray(float32[2,256]), ShapedArray(float32[256,4]), ShapedArray(float32[256,4]), ShapedArray(float32[256,4]), ShapedArray(float32[256,256]), ShapedArray(float32[256,256]), ShapedArray(float32[256,256]), ShapedArray(float32[4]), ShapedArray(float32[4]), ShapedArray(float32[4]), ShapedArray(uint32[2])).
WARNING:absl:Compiling _split for args (ShapedArray(uint32[2]),).
WARNING:absl:Compiling _evolve_RNN for args (ShapedArray(float32[100,256]), ShapedArray(float32[100,256]), ShapedArray(float32[100,256]), ShapedArray(float32[100,256]), ShapedArray(float32[2,256]), ShapedArray(float32[256,256]), ShapedArray(float32[256,4]), ShapedArray(float32[4]), ShapedArray(float32[1,256]), ShapedArray(float32[1,256]), ShapedArray(float32[], weak_type=True), ShapedArray(float32[], weak_type=True), ShapedArray(float32[1,256]), ShapedArray(float32[], weak_type=True), ShapedArray(float32[1,256]), ShapedArray(float32[1,1]), ShapedArray(float32[], weak_type=True), ShapedArray(float32[], weak_type=True), ShapedArray(float32[100,100,2]), ShapedArray(float32[1,256])).
WARNING:absl:Compiling categorical_cross_entropy for args (ShapedArray(int32[100]), ShapedArray(float32[100,4])).
Traceback (most recent call last):
  File "main_ecg_lsnn.py", line 134, in <module>
    training_accuracy, attacked_training_accuracy, loss_over_time, loss = _get_acc_batch(X, y, params, FLAGS, ATTACK=True)
  File "/home/faberf/Documents/BPTT-Lipschitzness/experiment_utils.py", line 155, in _get_acc_batch
    loss_over_time, logits_theta_star = attack_network(X,y, theta, logits, FLAGS.network, FLAGS, jax_random.PRNGKey(onp.random.randint(1e15)))
  File "/home/faberf/Documents/BPTT-Lipschitzness/loss_jax.py", line 172, in attack_network
    loss_over_time, logits_theta_star, _ = _attack_network(X,y, params, logits, model, FLAGS, rand_key)
  File "/home/faberf/Documents/BPTT-Lipschitzness/loss_jax.py", line 184, in _attack_network
    FLAGS2 = copy.copy(FLAGS)
NameError: name 'copy' is not defined
