2021-11-29 08:36:48.861276: W tensorflow/stream_executor/platform/default/dso_loader.cc:59] Could not load dynamic library 'libcudart.so.11.0'; dlerror: libcudart.so.11.0: cannot open shared object file: No such file or directory
WARNING:absl:Compiling _split for args (ShapedArray(uint32[2]),).
WARNING:absl:Compiling _truncated_normal for args (ShapedArray(uint32[2]), ShapedArray(int32[], weak_type=True), ShapedArray(int32[], weak_type=True)).
WARNING:absl:Compiling _truncated_normal for args (ShapedArray(uint32[2]), ShapedArray(int32[], weak_type=True), ShapedArray(int32[], weak_type=True)).
WARNING:absl:Compiling _truncated_normal for args (ShapedArray(uint32[2]), ShapedArray(int32[], weak_type=True), ShapedArray(int32[], weak_type=True)).
WARNING:absl:Compiling _where for args (ShapedArray(bool[]), ShapedArray(int32[]), ShapedArray(int32[])).
WARNING:absl:Compiling compute_gradient_and_update for args (ShapedArray(int32[], weak_type=True), ShapedArray(float32[100,3920]), ShapedArray(int32[100]), ShapedArray(float32[40,256]), ShapedArray(float32[40,256]), ShapedArray(float32[40,256]), ShapedArray(float32[256,8]), ShapedArray(float32[256,8]), ShapedArray(float32[256,8]), ShapedArray(float32[256,256]), ShapedArray(float32[256,256]), ShapedArray(float32[256,256]), ShapedArray(float32[8]), ShapedArray(float32[8]), ShapedArray(float32[8]), ShapedArray(uint32[2])).
WARNING:absl:Compiling _split for args (ShapedArray(uint32[2]),).
WARNING:absl:Compiling _evolve_RNN for args (ShapedArray(float32[100,256]), ShapedArray(float32[100,256]), ShapedArray(float32[100,256]), ShapedArray(float32[100,256]), ShapedArray(float32[40,256]), ShapedArray(float32[256,256]), ShapedArray(float32[256,8]), ShapedArray(float32[8]), ShapedArray(float32[1,256]), ShapedArray(float32[1,256]), ShapedArray(float32[], weak_type=True), ShapedArray(float32[], weak_type=True), ShapedArray(float32[1,256]), ShapedArray(float32[], weak_type=True), ShapedArray(float32[1,256]), ShapedArray(float32[1,1]), ShapedArray(float32[], weak_type=True), ShapedArray(float32[], weak_type=True), ShapedArray(float32[98,100,40]), ShapedArray(float32[1,256])).
WARNING:absl:Compiling categorical_cross_entropy for args (ShapedArray(int32[100]), ShapedArray(float32[100,8])).
WARNING:absl:Compiling split_and_sample for args (ShapedArray(uint32[2]),).
WARNING:absl:Compiling split_and_sample for args (ShapedArray(uint32[2]),).
WARNING:absl:Compiling split_and_sample for args (ShapedArray(uint32[2]),).
WARNING:absl:Compiling split_and_sample for args (ShapedArray(uint32[2]),).
WARNING:absl:Compiling _evolve_RNN for args (ShapedArray(float32[100,256]), ShapedArray(float32[100,256]), ShapedArray(float32[100,256]), ShapedArray(float32[100,256]), ShapedArray(float32[40,256]), ShapedArray(float32[256,256]), ShapedArray(float32[256,8]), ShapedArray(float32[8]), ShapedArray(float32[1,256]), ShapedArray(float32[1,256]), ShapedArray(float32[], weak_type=True), ShapedArray(float32[], weak_type=True), ShapedArray(float32[1,256]), ShapedArray(float32[], weak_type=True), ShapedArray(float32[1,256]), ShapedArray(float32[1,1]), ShapedArray(float32[], weak_type=True), ShapedArray(float32[], weak_type=True), ShapedArray(float32[98,100,40]), ShapedArray(float32[1,256]), AbstractUnit(), AbstractUnit(), AbstractUnit(), AbstractUnit()).
WARNING:absl:Compiling categorical_cross_entropy for args (ShapedArray(int32[100]), ShapedArray(float32[100,8]), AbstractUnit()).
WARNING:absl:Compiling backward_pass for args (ShapedArray(int32[100,1,2]), ShapedArray(float32[100,8]), ShapedArray(float32[100,1]), ShapedArray(float32[100,1]), ShapedArray(float32[100,8]), ShapedArray(float32[])).
WARNING:absl:Compiling backward_pass for args (ShapedArray(float32[100,256]), ShapedArray(float32[100,256]), ShapedArray(float32[100,256]), ShapedArray(float32[100,256]), ShapedArray(float32[98]), ShapedArray(float32[98,100,256]), ShapedArray(float32[98,100,256]), ShapedArray(float32[98,100,256]), ShapedArray(float32[98,100,256]), ShapedArray(float32[98,100,256]), ShapedArray(float32[98]), ShapedArray(float32[98,1,256]), ShapedArray(float32[98,1,256]), ShapedArray(float32[98,100,40]), ShapedArray(float32[98,256,256]), ShapedArray(float32[98,100,256]), ShapedArray(float32[98,100,256]), ShapedArray(float32[98,1,1]), ShapedArray(float32[98,1,256]), ShapedArray(float32[98,1,256]), ShapedArray(float32[98]), ShapedArray(float32[98,100,256]), ShapedArray(float32[98,100,256]), ShapedArray(float32[256,8]), ShapedArray(float32[100,256]), ShapedArray(float32[100,8])).
0.02 h Epoch 0 i 9 Loss is 2.033344268798828 Lipschitzness loss over time [2.033304214477539, 2.03772234916687, 2.042046070098877, 2.046210289001465, 2.050367832183838, 2.0544028282165527, 2.0583653450012207, 2.062311887741089, 2.0660438537597656, 2.0697271823883057, 2.0733964443206787] Accuracy 0.17000000178813934 Attacked accuracy 0.10999999940395355
0.02 h Epoch 0 i 19 Loss is 2.0603625774383545 Lipschitzness loss over time [2.0603291988372803, 2.0652029514312744, 2.0700082778930664, 2.074941396713257, 2.0799732208251953, 2.0850257873535156, 2.0903890132904053, 2.095752477645874, 2.1013128757476807, 2.107273817062378, 2.11326003074646] Accuracy 0.12999999523162842 Attacked accuracy 0.07000000029802322
0.02 h Epoch 0 i 29 Loss is 2.023782253265381 Lipschitzness loss over time [2.0237908363342285, 2.0280871391296387, 2.0322766304016113, 2.0363080501556396, 2.0402090549468994, 2.0440754890441895, 2.047996997833252, 2.0515570640563965, 2.0552961826324463, 2.059101104736328, 2.0628881454467773] Accuracy 0.25 Attacked accuracy 0.15000000596046448
0.03 h Epoch 0 i 39 Loss is 2.0397117137908936 Lipschitzness loss over time [2.0397708415985107, 2.0456087589263916, 2.051267385482788, 2.056989908218384, 2.0626511573791504, 2.068291425704956, 2.0740180015563965, 2.0798087120056152, 2.085930824279785, 2.0919296741485596, 2.0980565547943115] Accuracy 0.20999999344348907 Attacked accuracy 0.12999999523162842
0.03 h Epoch 0 i 49 Loss is 2.0095760822296143 Lipschitzness loss over time [2.0096356868743896, 2.0151355266571045, 2.020565986633301, 2.0257136821746826, 2.030667304992676, 2.035200357437134, 2.0400025844573975, 2.0444564819335938, 2.0489039421081543, 2.053056001663208, 2.057067394256592] Accuracy 0.33000001311302185 Attacked accuracy 0.2199999988079071
0.04 h Epoch 0 i 59 Loss is 1.9725251197814941 Lipschitzness loss over time [1.9726006984710693, 1.980455994606018, 1.9883790016174316, 1.9959627389907837, 2.003394842147827, 2.0104501247406006, 2.0174057483673096, 2.024123191833496, 2.0302813053131104, 2.0365350246429443, 2.0423271656036377] Accuracy 0.3199999928474426 Attacked accuracy 0.10000000149011612
0.04 h Epoch 0 i 69 Loss is 2.009206533432007 Lipschitzness loss over time [2.009115219116211, 2.0170722007751465, 2.024653911590576, 2.0325119495391846, 2.0404045581817627, 2.0479109287261963, 2.0560853481292725, 2.064426898956299, 2.073143482208252, 2.082233428955078, 2.091701030731201] Accuracy 0.23999999463558197 Attacked accuracy 0.18000000715255737
0.04 h Epoch 0 i 79 Loss is 1.9472402334213257 Lipschitzness loss over time [1.9471337795257568, 1.9577449560165405, 1.9681397676467896, 1.9780303239822388, 1.9879589080810547, 1.997427225112915, 2.00631046295166, 2.015331268310547, 2.0240118503570557, 2.0323925018310547, 2.040440082550049] Accuracy 0.3799999952316284 Attacked accuracy 0.20000000298023224
0.05 h Epoch 0 i 89 Loss is 1.9702221155166626 Lipschitzness loss over time [1.970196008682251, 1.980163812637329, 1.9894123077392578, 1.9987030029296875, 2.0075933933258057, 2.0162315368652344, 2.024585723876953, 2.0329012870788574, 2.0409393310546875, 2.0491325855255127, 2.0568442344665527] Accuracy 0.3400000035762787 Attacked accuracy 0.17000000178813934
0.05 h Epoch 0 i 99 Loss is 1.9119963645935059 Lipschitzness loss over time [1.911997675895691, 1.926332950592041, 1.9404765367507935, 1.9545948505401611, 1.9685028791427612, 1.9817783832550049, 1.994739294052124, 2.0074374675750732, 2.0198380947113037, 2.0314443111419678, 2.0436453819274902] Accuracy 0.3499999940395355 Attacked accuracy 0.28999999165534973
