2021-11-29 08:36:48.864046: W tensorflow/stream_executor/platform/default/dso_loader.cc:59] Could not load dynamic library 'libcudart.so.11.0'; dlerror: libcudart.so.11.0: cannot open shared object file: No such file or directory
WARNING:absl:Compiling _split for args (ShapedArray(uint32[2]),).
WARNING:absl:Compiling _truncated_normal for args (ShapedArray(uint32[2]), ShapedArray(int32[], weak_type=True), ShapedArray(int32[], weak_type=True)).
WARNING:absl:Compiling _truncated_normal for args (ShapedArray(uint32[2]), ShapedArray(int32[], weak_type=True), ShapedArray(int32[], weak_type=True)).
WARNING:absl:Compiling _truncated_normal for args (ShapedArray(uint32[2]), ShapedArray(int32[], weak_type=True), ShapedArray(int32[], weak_type=True)).
WARNING:absl:Compiling _where for args (ShapedArray(bool[]), ShapedArray(int32[]), ShapedArray(int32[])).
WARNING:absl:Compiling compute_gradient_and_update for args (ShapedArray(int32[], weak_type=True), ShapedArray(float32[100,3920]), ShapedArray(int32[100]), ShapedArray(float32[40,256]), ShapedArray(float32[40,256]), ShapedArray(float32[40,256]), ShapedArray(float32[256,8]), ShapedArray(float32[256,8]), ShapedArray(float32[256,8]), ShapedArray(float32[256,256]), ShapedArray(float32[256,256]), ShapedArray(float32[256,256]), ShapedArray(float32[8]), ShapedArray(float32[8]), ShapedArray(float32[8]), ShapedArray(uint32[2])).
WARNING:absl:Compiling _split for args (ShapedArray(uint32[2]),).
WARNING:absl:Compiling _evolve_RNN for args (ShapedArray(float32[100,256]), ShapedArray(float32[100,256]), ShapedArray(float32[100,256]), ShapedArray(float32[100,256]), ShapedArray(float32[40,256]), ShapedArray(float32[256,256]), ShapedArray(float32[256,8]), ShapedArray(float32[8]), ShapedArray(float32[1,256]), ShapedArray(float32[1,256]), ShapedArray(float32[], weak_type=True), ShapedArray(float32[], weak_type=True), ShapedArray(float32[1,256]), ShapedArray(float32[], weak_type=True), ShapedArray(float32[1,256]), ShapedArray(float32[1,1]), ShapedArray(float32[], weak_type=True), ShapedArray(float32[], weak_type=True), ShapedArray(float32[98,100,40]), ShapedArray(float32[1,256])).
WARNING:absl:Compiling categorical_cross_entropy for args (ShapedArray(int32[100]), ShapedArray(float32[100,8])).
WARNING:absl:Compiling split_and_sample for args (ShapedArray(uint32[2]),).
WARNING:absl:Compiling split_and_sample for args (ShapedArray(uint32[2]),).
WARNING:absl:Compiling split_and_sample for args (ShapedArray(uint32[2]),).
WARNING:absl:Compiling split_and_sample for args (ShapedArray(uint32[2]),).
WARNING:absl:Compiling _evolve_RNN for args (ShapedArray(float32[100,256]), ShapedArray(float32[100,256]), ShapedArray(float32[100,256]), ShapedArray(float32[100,256]), ShapedArray(float32[40,256]), ShapedArray(float32[256,256]), ShapedArray(float32[256,8]), ShapedArray(float32[8]), ShapedArray(float32[1,256]), ShapedArray(float32[1,256]), ShapedArray(float32[], weak_type=True), ShapedArray(float32[], weak_type=True), ShapedArray(float32[1,256]), ShapedArray(float32[], weak_type=True), ShapedArray(float32[1,256]), ShapedArray(float32[1,1]), ShapedArray(float32[], weak_type=True), ShapedArray(float32[], weak_type=True), ShapedArray(float32[98,100,40]), ShapedArray(float32[1,256]), AbstractUnit(), AbstractUnit(), AbstractUnit(), AbstractUnit()).
WARNING:absl:Compiling categorical_cross_entropy for args (ShapedArray(int32[100]), ShapedArray(float32[100,8]), AbstractUnit()).
WARNING:absl:Compiling backward_pass for args (ShapedArray(int32[100,1,2]), ShapedArray(float32[100,8]), ShapedArray(float32[100,1]), ShapedArray(float32[100,1]), ShapedArray(float32[100,8]), ShapedArray(float32[])).
WARNING:absl:Compiling backward_pass for args (ShapedArray(float32[100,256]), ShapedArray(float32[100,256]), ShapedArray(float32[100,256]), ShapedArray(float32[100,256]), ShapedArray(float32[98]), ShapedArray(float32[98,100,256]), ShapedArray(float32[98,100,256]), ShapedArray(float32[98,100,256]), ShapedArray(float32[98,100,256]), ShapedArray(float32[98,100,256]), ShapedArray(float32[98]), ShapedArray(float32[98,1,256]), ShapedArray(float32[98,1,256]), ShapedArray(float32[98,100,40]), ShapedArray(float32[98,256,256]), ShapedArray(float32[98,100,256]), ShapedArray(float32[98,100,256]), ShapedArray(float32[98,1,1]), ShapedArray(float32[98,1,256]), ShapedArray(float32[98,1,256]), ShapedArray(float32[98]), ShapedArray(float32[98,100,256]), ShapedArray(float32[98,100,256]), ShapedArray(float32[256,8]), ShapedArray(float32[100,256]), ShapedArray(float32[100,8])).
0.02 h Epoch 0 i 9 Loss is 2.030348539352417 Lipschitzness loss over time [2.030348062515259, 2.03480863571167, 2.038994789123535, 2.043191432952881, 2.0472567081451416, 2.0511136054992676, 2.0550050735473633, 2.0588204860687256, 2.0625159740448, 2.066145658493042, 2.069627285003662] Accuracy 0.20999999344348907 Attacked accuracy 0.11999999731779099
0.02 h Epoch 0 i 19 Loss is 2.060441017150879 Lipschitzness loss over time [2.0604443550109863, 2.0655322074890137, 2.070507526397705, 2.0756185054779053, 2.080906391143799, 2.0863475799560547, 2.0919291973114014, 2.097506046295166, 2.103419542312622, 2.109593391418457, 2.115946054458618] Accuracy 0.1899999976158142 Attacked accuracy 0.07000000029802322
0.02 h Epoch 0 i 29 Loss is 2.0232365131378174 Lipschitzness loss over time [2.023226261138916, 2.027529001235962, 2.0314247608184814, 2.035578727722168, 2.0395162105560303, 2.0431833267211914, 2.046987295150757, 2.0506742000579834, 2.054412841796875, 2.0581352710723877, 2.0620040893554688] Accuracy 0.23999999463558197 Attacked accuracy 0.1599999964237213
0.03 h Epoch 0 i 39 Loss is 2.038278102874756 Lipschitzness loss over time [2.0382659435272217, 2.0442111492156982, 2.0500378608703613, 2.0559375286102295, 2.0619633197784424, 2.0677199363708496, 2.073779821395874, 2.079807758331299, 2.0860278606414795, 2.0921363830566406, 2.098834276199341] Accuracy 0.2199999988079071 Attacked accuracy 0.11999999731779099
0.03 h Epoch 0 i 49 Loss is 2.0071442127227783 Lipschitzness loss over time [2.0071840286254883, 2.0128679275512695, 2.0183145999908447, 2.0235822200775146, 2.0286877155303955, 2.033637762069702, 2.038334369659424, 2.042858839035034, 2.0473854541778564, 2.051663398742676, 2.055757761001587] Accuracy 0.33000001311302185 Attacked accuracy 0.1599999964237213
0.04 h Epoch 0 i 59 Loss is 1.9717870950698853 Lipschitzness loss over time [1.97188138961792, 1.9802453517913818, 1.9880692958831787, 1.9957354068756104, 2.0032591819763184, 2.0105698108673096, 2.017496347427368, 2.024203300476074, 2.030573606491089, 2.036731004714966, 2.04257869720459] Accuracy 0.30000001192092896 Attacked accuracy 0.11999999731779099
0.04 h Epoch 0 i 69 Loss is 2.006765604019165 Lipschitzness loss over time [2.00689697265625, 2.014324426651001, 2.021652936935425, 2.0292890071868896, 2.036546230316162, 2.0438857078552246, 2.051516056060791, 2.058753728866577, 2.0665881633758545, 2.074335813522339, 2.0827512741088867] Accuracy 0.23999999463558197 Attacked accuracy 0.17000000178813934
0.04 h Epoch 0 i 79 Loss is 1.9464645385742188 Lipschitzness loss over time [1.946484923362732, 1.9570846557617188, 1.9670461416244507, 1.976968765258789, 1.9867125749588013, 1.9960683584213257, 2.0051496028900146, 2.013784170150757, 2.0226573944091797, 2.0310580730438232, 2.0389695167541504] Accuracy 0.38999998569488525 Attacked accuracy 0.2800000011920929
0.05 h Epoch 0 i 89 Loss is 1.9642657041549683 Lipschitzness loss over time [1.9641751050949097, 1.9743516445159912, 1.983654260635376, 1.9934003353118896, 2.0027589797973633, 2.01159930229187, 2.020563840866089, 2.028618335723877, 2.036837339401245, 2.044966459274292, 2.052825689315796] Accuracy 0.3499999940395355 Attacked accuracy 0.18000000715255737
0.05 h Epoch 0 i 99 Loss is 1.9138169288635254 Lipschitzness loss over time [1.9138706922531128, 1.9274989366531372, 1.9418036937713623, 1.95551335811615, 1.9689207077026367, 1.9820111989974976, 1.9945093393325806, 2.0069549083709717, 2.019103765487671, 2.030885934829712, 2.0427865982055664] Accuracy 0.3400000035762787 Attacked accuracy 0.23999999463558197
0.06 h Epoch 0 i 109 Loss is 1.8430860042572021 Lipschitzness loss over time [1.843166708946228, 1.8589969873428345, 1.8745783567428589, 1.8903405666351318, 1.9055936336517334, 1.9205451011657715, 1.9352549314498901, 1.949480414390564, 1.9636303186416626, 1.9770442247390747, 1.9898433685302734] Accuracy 0.4300000071525574 Attacked accuracy 0.30000001192092896
